1334: T_id 1 started
1364: T_id 0 started
1371: T_id 2 started
8430: T_id 3 started
396420: T_id 0 steal vi: 3, ws: 8
396428: T_id 0 ret-work fc: 0
398867: T_id 0 steal vi: 2, ws: 820
398869: T_id 0 ret-work fc: 0
398985: T_id 3 steal vi: 1, ws: 1173
398989: T_id 3 ret-work fc: 0
1194061: T_id 3 steal vi: 1, ws: 423
1194068: T_id 3 ret-work fc: 0
1614739: T_id 2 steal vi: 3, ws: 85
1614747: T_id 2 ret-work fc: 0
1740866: T_id 2 steal vi: 0, ws: 109
1740874: T_id 2 ret-work fc: 0
1743366: T_id 3 steal vi: 1, ws: 85
1743370: T_id 3 ret-work fc: 0
1903817: T_id 3 steal vi: 2, ws: 22
1903826: T_id 3 ret-work fc: 1
1904726: T_id 1 steal vi: 3, ws: 10
1904729: T_id 1 ret-work fc: 0
1934518: T_id 1 steal vi: 2, ws: 5
1934520: T_id 1 ret-work fc: 0
1935609: T_id 3 steal vi: 2, ws: 2
1935611: T_id 3 ret-work fc: 0
1942967: T_id 2 steal vi: 0, ws: 13
1942970: T_id 2 ret-work fc: 0
1943476: T_id 3 steal vi: 2, ws: 6
1943478: T_id 3 ret-work fc: 0
1950470: T_id 1 steal vi: 0, ws: 5
1950473: T_id 1 ret-work fc: 0
1960928: T_id 2 finished li: 1850, sc: 3, vc: 5
1961438: T_id 3 finished li: 4111, sc: 6, vc: 3
1961823: T_id 0 finished li: 3199, sc: 2, vc: 3
1963012: T_id 1 finished li: 837, sc: 3, vc: 3
1963075: complete
